<?xml version="1.0" encoding="UTF-8"?>
<!-- Generated by org.testng.reporters.JUnitXMLReporter -->
<testsuite hostname="DESKTOP-361V7H7" name="Command line test" tests="12" failures="1" timestamp="6 Feb 2021 06:32:57 GMT" time="283.192" errors="0">
  <testcase name="NewAddressFormTest" time="75.626" classname="com.asynctric.qa.Testcase.AddressPageTest"/>
  <testcase name="AddProductFirstTest" time="13.046" classname="com.asynctric.qa.Testcase.CategoriesMenTest"/>
  <testcase name="ValidatehomepageimageTest" time="0.209" classname="com.asynctric.qa.Testcase.HomePageTest"/>
  <testcase name="LoginPageTitleTest" time="0.06" classname="com.asynctric.qa.Testcase.LoginPageTest"/>
  <testcase name="ValidateRegPageURLTest" time="0.229" classname="com.asynctric.qa.Testcase.RegistrationPageTest"/>
  <testcase name="AddProductSecondTest" time="14.771" classname="com.asynctric.qa.Testcase.CategoriesMenTest"/>
  <testcase name="MoveToAddressPageTest" time="3.695" classname="com.asynctric.qa.Testcase.HomePageTest"/>
  <testcase name="VlidateImageTest" time="0.11" classname="com.asynctric.qa.Testcase.LoginPageTest"/>
  <testcase name="ValidateRegPageTextTest" time="0.227" classname="com.asynctric.qa.Testcase.RegistrationPageTest"/>
  <testcase name="scrolldownTest" time="12.409" classname="com.asynctric.qa.Testcase.HomePageTest"/>
  <testcase name="LoginTest" time="1.452" classname="com.asynctric.qa.Testcase.LoginPageTest"/>
  <testcase name="RegFormExcelTest" time="52.988" classname="com.asynctric.qa.Testcase.RegistrationPageTest">
    <failure type="org.openqa.selenium.NoSuchElementException" message="no such element: Unable to locate element: {&amp;quot;method&amp;quot;:&amp;quot;css selector&amp;quot;,&amp;quot;selector&amp;quot;:&amp;quot;#name&amp;quot;}
  (Session info: chrome=88.0.4324.146)
For documentation on this error, please visit: https://www.seleniumhq.org/exceptions/no_such_element.html
Build info: version: &amp;apos;3.141.59&amp;apos;, revision: &amp;apos;e82be7d358&amp;apos;, time: &amp;apos;2018-11-14T08:17:03&amp;apos;
System info: host: &amp;apos;DESKTOP-361V7H7&amp;apos;, ip: &amp;apos;192.168.0.101&amp;apos;, os.name: &amp;apos;Windows 10&amp;apos;, os.arch: &amp;apos;amd64&amp;apos;, os.version: &amp;apos;10.0&amp;apos;, java.version: &amp;apos;1.8.0_152&amp;apos;
Driver info: org.openqa.selenium.chrome.ChromeDriver
Capabilities {acceptInsecureCerts: false, browserName: chrome, browserVersion: 88.0.4324.146, chrome: {chromedriverVersion: 88.0.4324.96 (68dba2d8a0b14..., userDataDir: C:\Users\ARUN\AppData\Local...}, goog:chromeOptions: {debuggerAddress: localhost:52061}, javascriptEnabled: true, networkConnectionEnabled: false, pageLoadStrategy: normal, platform: WINDOWS, platformName: WINDOWS, proxy: Proxy(), setWindowRect: true, strictFileInteractability: false, timeouts: {implicit: 0, pageLoad: 300000, script: 30000}, unhandledPromptBehavior: dismiss and notify, webauthn:extension:largeBlob: true, webauthn:virtualAuthenticators: true}
Session ID: 03641f87b4d2b5d4ef1a04f351435981
*** Element info: {Using=id, value=name}">
      <![CDATA[org.openqa.selenium.NoSuchElementException: no such element: Unable to locate element: {"method":"css selector","selector":"#name"}
  (Session info: chrome=88.0.4324.146)
For documentation on this error, please visit: https://www.seleniumhq.org/exceptions/no_such_element.html
Build info: version: '3.141.59', revision: 'e82be7d358', time: '2018-11-14T08:17:03'
System info: host: 'DESKTOP-361V7H7', ip: '192.168.0.101', os.name: 'Windows 10', os.arch: 'amd64', os.version: '10.0', java.version: '1.8.0_152'
Driver info: org.openqa.selenium.chrome.ChromeDriver
Capabilities {acceptInsecureCerts: false, browserName: chrome, browserVersion: 88.0.4324.146, chrome: {chromedriverVersion: 88.0.4324.96 (68dba2d8a0b14..., userDataDir: C:\Users\ARUN\AppData\Local...}, goog:chromeOptions: {debuggerAddress: localhost:52061}, javascriptEnabled: true, networkConnectionEnabled: false, pageLoadStrategy: normal, platform: WINDOWS, platformName: WINDOWS, proxy: Proxy(), setWindowRect: true, strictFileInteractability: false, timeouts: {implicit: 0, pageLoad: 300000, script: 30000}, unhandledPromptBehavior: dismiss and notify, webauthn:extension:largeBlob: true, webauthn:virtualAuthenticators: true}
Session ID: 03641f87b4d2b5d4ef1a04f351435981
*** Element info: {Using=id, value=name}
	at org.openqa.selenium.remote.http.W3CHttpResponseCodec.createException(W3CHttpResponseCodec.java:187)
	at org.openqa.selenium.remote.http.W3CHttpResponseCodec.decode(W3CHttpResponseCodec.java:122)
	at org.openqa.selenium.remote.http.W3CHttpResponseCodec.decode(W3CHttpResponseCodec.java:49)
	at org.openqa.selenium.remote.HttpCommandExecutor.execute(HttpCommandExecutor.java:158)
	at org.openqa.selenium.remote.service.DriverCommandExecutor.execute(DriverCommandExecutor.java:83)
	at org.openqa.selenium.remote.RemoteWebDriver.execute(RemoteWebDriver.java:552)
	at org.openqa.selenium.remote.RemoteWebDriver.findElement(RemoteWebDriver.java:323)
	at org.openqa.selenium.remote.RemoteWebDriver.findElementById(RemoteWebDriver.java:372)
	at org.openqa.selenium.By$ById.findElement(By.java:188)
	at org.openqa.selenium.remote.RemoteWebDriver.findElement(RemoteWebDriver.java:315)
	at org.openqa.selenium.support.events.EventFiringWebDriver.lambda$new$1(EventFiringWebDriver.java:105)
	at com.sun.proxy.$Proxy5.findElement(Unknown Source)
	at org.openqa.selenium.support.events.EventFiringWebDriver.findElement(EventFiringWebDriver.java:194)
	at org.openqa.selenium.support.pagefactory.DefaultElementLocator.findElement(DefaultElementLocator.java:69)
	at org.openqa.selenium.support.pagefactory.internal.LocatingElementHandler.invoke(LocatingElementHandler.java:38)
	at com.sun.proxy.$Proxy9.clear(Unknown Source)
	at com.asynctric.qa.pages.RegistrationPage.RegFormExcel(RegistrationPage.java:69)
	at com.asynctric.qa.Testcase.RegistrationPageTest.RegFormExcelTest(RegistrationPageTest.java:45)
... Removed 41 stack frames]]>
    </failure>
  </testcase> <!-- RegFormExcelTest -->
</testsuite> <!-- Command line test -->
