<?xml version="1.0" encoding="UTF-8"?>
<testng-results skipped="0" failed="2" ignored="0" total="11" passed="9">
  <reporter-output>
  </reporter-output>
  <suite name="Ecart" duration-ms="234340" started-at="2021-02-11T10:20:41Z" finished-at="2021-02-11T10:24:35Z">
    <groups>
      <group name="smoke">
        <method signature="HomePageTest.scrolldownTest()[pri:0, instance:com.asynctric.qa.Testcase.HomePageTest@78047b92]" name="scrolldownTest" class="com.asynctric.qa.Testcase.HomePageTest"/>
        <method signature="LoginPageTest.LoginTest()[pri:0, instance:com.asynctric.qa.Testcase.LoginPageTest@8909f18]" name="LoginTest" class="com.asynctric.qa.Testcase.LoginPageTest"/>
        <method signature="CategoriesMenTest.AddProductFirstTest()[pri:0, instance:com.asynctric.qa.Testcase.CategoriesMenTest@4c15e7fd]" name="AddProductFirstTest" class="com.asynctric.qa.Testcase.CategoriesMenTest"/>
      </group> <!-- smoke -->
    </groups>
    <test name="Regration" duration-ms="96641" started-at="2021-02-11T10:20:41Z" finished-at="2021-02-11T10:22:18Z">
      <class name="com.asynctric.qa.Testcase.HomePageTest">
        <test-method status="PASS" signature="setuphomepage()[pri:0, instance:com.asynctric.qa.Testcase.HomePageTest@78047b92]" name="setuphomepage" is-config="true" duration-ms="11759" started-at="2021-02-11T15:50:41Z" finished-at="2021-02-11T15:50:53Z">
          <reporter-output>
          </reporter-output>
        </test-method> <!-- setuphomepage -->
        <test-method status="FAIL" signature="scrolldownTest()[pri:0, instance:com.asynctric.qa.Testcase.HomePageTest@78047b92]" name="scrolldownTest" duration-ms="7793" started-at="2021-02-11T15:50:53Z" finished-at="2021-02-11T15:51:01Z">
          <exception class="org.openqa.selenium.ElementClickInterceptedException">
            <message>
              <![CDATA[element click intercepted: Element <svg aria-hidden="true" focusable="false" data-prefix="fab" data-icon="facebook" class="svg-inline--fa fa-facebook fa-w-16 " role="img" xmlns="http://www.w3.org/2000/svg" viewBox="0 0 512 512">...</svg> is not clickable at point (788, 599). Other element would receive the click: <div class="MuiBackdrop-root jss9" aria-hidden="true" style="opacity: 0; transition: opacity 195ms cubic-bezier(0.4, 0, 0.2, 1) 0ms;">...</div>
  (Session info: chrome=88.0.4324.150)
Build info: version: '3.141.59', revision: 'e82be7d358', time: '2018-11-14T08:17:03'
System info: host: 'DESKTOP-361V7H7', ip: '191.168.168.211', os.name: 'Windows 10', os.arch: 'amd64', os.version: '10.0', java.version: '1.8.0_152'
Driver info: org.openqa.selenium.chrome.ChromeDriver
Capabilities {acceptInsecureCerts: false, browserName: chrome, browserVersion: 88.0.4324.150, chrome: {chromedriverVersion: 88.0.4324.96 (68dba2d8a0b14..., userDataDir: C:\Users\ARUN\AppData\Local...}, goog:chromeOptions: {debuggerAddress: localhost:59403}, javascriptEnabled: true, networkConnectionEnabled: false, pageLoadStrategy: normal, platform: WINDOWS, platformName: WINDOWS, proxy: Proxy(), setWindowRect: true, strictFileInteractability: false, timeouts: {implicit: 0, pageLoad: 300000, script: 30000}, unhandledPromptBehavior: dismiss and notify, webauthn:extension:largeBlob: true, webauthn:virtualAuthenticators: true}
Session ID: f5ac9073421c66bd853b2a066b42e472]]>
            </message>
            <full-stacktrace>
              <![CDATA[org.openqa.selenium.ElementClickInterceptedException: element click intercepted: Element <svg aria-hidden="true" focusable="false" data-prefix="fab" data-icon="facebook" class="svg-inline--fa fa-facebook fa-w-16 " role="img" xmlns="http://www.w3.org/2000/svg" viewBox="0 0 512 512">...</svg> is not clickable at point (788, 599). Other element would receive the click: <div class="MuiBackdrop-root jss9" aria-hidden="true" style="opacity: 0; transition: opacity 195ms cubic-bezier(0.4, 0, 0.2, 1) 0ms;">...</div>
  (Session info: chrome=88.0.4324.150)
Build info: version: '3.141.59', revision: 'e82be7d358', time: '2018-11-14T08:17:03'
System info: host: 'DESKTOP-361V7H7', ip: '191.168.168.211', os.name: 'Windows 10', os.arch: 'amd64', os.version: '10.0', java.version: '1.8.0_152'
Driver info: org.openqa.selenium.chrome.ChromeDriver
Capabilities {acceptInsecureCerts: false, browserName: chrome, browserVersion: 88.0.4324.150, chrome: {chromedriverVersion: 88.0.4324.96 (68dba2d8a0b14..., userDataDir: C:\Users\ARUN\AppData\Local...}, goog:chromeOptions: {debuggerAddress: localhost:59403}, javascriptEnabled: true, networkConnectionEnabled: false, pageLoadStrategy: normal, platform: WINDOWS, platformName: WINDOWS, proxy: Proxy(), setWindowRect: true, strictFileInteractability: false, timeouts: {implicit: 0, pageLoad: 300000, script: 30000}, unhandledPromptBehavior: dismiss and notify, webauthn:extension:largeBlob: true, webauthn:virtualAuthenticators: true}
Session ID: f5ac9073421c66bd853b2a066b42e472
	at sun.reflect.NativeConstructorAccessorImpl.newInstance0(Native Method)
	at sun.reflect.NativeConstructorAccessorImpl.newInstance(NativeConstructorAccessorImpl.java:62)
	at sun.reflect.DelegatingConstructorAccessorImpl.newInstance(DelegatingConstructorAccessorImpl.java:45)
	at java.lang.reflect.Constructor.newInstance(Constructor.java:423)
	at org.openqa.selenium.remote.http.W3CHttpResponseCodec.createException(W3CHttpResponseCodec.java:187)
	at org.openqa.selenium.remote.http.W3CHttpResponseCodec.decode(W3CHttpResponseCodec.java:122)
	at org.openqa.selenium.remote.http.W3CHttpResponseCodec.decode(W3CHttpResponseCodec.java:49)
	at org.openqa.selenium.remote.HttpCommandExecutor.execute(HttpCommandExecutor.java:158)
	at org.openqa.selenium.remote.service.DriverCommandExecutor.execute(DriverCommandExecutor.java:83)
	at org.openqa.selenium.remote.RemoteWebDriver.execute(RemoteWebDriver.java:552)
	at org.openqa.selenium.remote.RemoteWebElement.execute(RemoteWebElement.java:285)
	at org.openqa.selenium.remote.RemoteWebElement.click(RemoteWebElement.java:84)
	at sun.reflect.NativeMethodAccessorImpl.invoke0(Native Method)
	at sun.reflect.NativeMethodAccessorImpl.invoke(NativeMethodAccessorImpl.java:62)
	at sun.reflect.DelegatingMethodAccessorImpl.invoke(DelegatingMethodAccessorImpl.java:43)
	at java.lang.reflect.Method.invoke(Method.java:498)
	at org.openqa.selenium.support.events.EventFiringWebDriver$EventFiringWebElement.lambda$new$0(EventFiringWebDriver.java:404)
	at com.sun.proxy.$Proxy14.click(Unknown Source)
	at org.openqa.selenium.support.events.EventFiringWebDriver$EventFiringWebElement.click(EventFiringWebDriver.java:417)
	at sun.reflect.NativeMethodAccessorImpl.invoke0(Native Method)
	at sun.reflect.NativeMethodAccessorImpl.invoke(NativeMethodAccessorImpl.java:62)
	at sun.reflect.DelegatingMethodAccessorImpl.invoke(DelegatingMethodAccessorImpl.java:43)
	at java.lang.reflect.Method.invoke(Method.java:498)
	at org.openqa.selenium.support.pagefactory.internal.LocatingElementHandler.invoke(LocatingElementHandler.java:51)
	at com.sun.proxy.$Proxy13.click(Unknown Source)
	at com.asynctric.qa.pages.HomePage.scrolldown(HomePage.java:57)
	at com.asynctric.qa.Testcase.HomePageTest.scrolldownTest(HomePageTest.java:57)
	at sun.reflect.NativeMethodAccessorImpl.invoke0(Native Method)
	at sun.reflect.NativeMethodAccessorImpl.invoke(NativeMethodAccessorImpl.java:62)
	at sun.reflect.DelegatingMethodAccessorImpl.invoke(DelegatingMethodAccessorImpl.java:43)
	at java.lang.reflect.Method.invoke(Method.java:498)
	at org.testng.internal.MethodInvocationHelper.invokeMethod(MethodInvocationHelper.java:108)
	at org.testng.internal.Invoker.invokeMethod(Invoker.java:661)
	at org.testng.internal.Invoker.invokeTestMethod(Invoker.java:869)
	at org.testng.internal.Invoker.invokeTestMethods(Invoker.java:1193)
	at org.testng.internal.TestMethodWorker.invokeTestMethods(TestMethodWorker.java:126)
	at org.testng.internal.TestMethodWorker.run(TestMethodWorker.java:109)
	at org.testng.TestRunner.privateRun(TestRunner.java:744)
	at org.testng.TestRunner.run(TestRunner.java:602)
	at org.testng.SuiteRunner.runTest(SuiteRunner.java:380)
	at org.testng.SuiteRunner.runSequentially(SuiteRunner.java:375)
	at org.testng.SuiteRunner.privateRun(SuiteRunner.java:340)
	at org.testng.SuiteRunner.run(SuiteRunner.java:289)
	at org.testng.SuiteRunnerWorker.runSuite(SuiteRunnerWorker.java:52)
	at org.testng.SuiteRunnerWorker.run(SuiteRunnerWorker.java:86)
	at org.testng.TestNG.runSuitesSequentially(TestNG.java:1301)
	at org.testng.TestNG.runSuitesLocally(TestNG.java:1226)
	at org.testng.TestNG.runSuites(TestNG.java:1144)
	at org.testng.TestNG.run(TestNG.java:1115)
	at org.testng.remote.AbstractRemoteTestNG.run(AbstractRemoteTestNG.java:132)
	at org.testng.remote.RemoteTestNG.initAndRun(RemoteTestNG.java:230)
	at org.testng.remote.RemoteTestNG.main(RemoteTestNG.java:76)
]]>
            </full-stacktrace>
          </exception> <!-- org.openqa.selenium.ElementClickInterceptedException -->
          <reporter-output>
          </reporter-output>
        </test-method> <!-- scrolldownTest -->
        <test-method status="PASS" signature="TearDown()[pri:0, instance:com.asynctric.qa.Testcase.HomePageTest@78047b92]" name="TearDown" is-config="true" duration-ms="736" started-at="2021-02-11T15:51:01Z" finished-at="2021-02-11T15:51:02Z">
          <reporter-output>
          </reporter-output>
        </test-method> <!-- TearDown -->
        <test-method status="PASS" signature="setuphomepage()[pri:0, instance:com.asynctric.qa.Testcase.HomePageTest@78047b92]" name="setuphomepage" is-config="true" duration-ms="15916" started-at="2021-02-11T15:51:18Z" finished-at="2021-02-11T15:51:34Z">
          <reporter-output>
          </reporter-output>
        </test-method> <!-- setuphomepage -->
        <test-method status="PASS" signature="ValidatehomepageimageTest()[pri:1, instance:com.asynctric.qa.Testcase.HomePageTest@78047b92]" name="ValidatehomepageimageTest" duration-ms="315" started-at="2021-02-11T15:51:34Z" finished-at="2021-02-11T15:51:34Z">
          <reporter-output>
          </reporter-output>
        </test-method> <!-- ValidatehomepageimageTest -->
        <test-method status="PASS" signature="TearDown()[pri:0, instance:com.asynctric.qa.Testcase.HomePageTest@78047b92]" name="TearDown" is-config="true" duration-ms="799" started-at="2021-02-11T15:51:34Z" finished-at="2021-02-11T15:51:35Z">
          <reporter-output>
          </reporter-output>
        </test-method> <!-- TearDown -->
        <test-method status="PASS" signature="setuphomepage()[pri:0, instance:com.asynctric.qa.Testcase.HomePageTest@78047b92]" name="setuphomepage" is-config="true" duration-ms="10141" started-at="2021-02-11T15:51:47Z" finished-at="2021-02-11T15:51:57Z">
          <reporter-output>
          </reporter-output>
        </test-method> <!-- setuphomepage -->
        <test-method status="FAIL" signature="MoveToAddressPageTest()[pri:2, instance:com.asynctric.qa.Testcase.HomePageTest@78047b92]" name="MoveToAddressPageTest" duration-ms="3027" started-at="2021-02-11T15:51:57Z" finished-at="2021-02-11T15:52:00Z">
          <exception class="org.openqa.selenium.ElementClickInterceptedException">
            <message>
              <![CDATA[element click intercepted: Element <p class="MuiTypography-root jss299 MuiTypography-body1">...</p> is not clickable at point (1163, 30). Other element would receive the click: <div class="MuiBackdrop-root jss9" aria-hidden="true" style="opacity: 0; transition: opacity 195ms cubic-bezier(0.4, 0, 0.2, 1) 0ms;">...</div>
  (Session info: chrome=88.0.4324.150)
Build info: version: '3.141.59', revision: 'e82be7d358', time: '2018-11-14T08:17:03'
System info: host: 'DESKTOP-361V7H7', ip: '191.168.168.211', os.name: 'Windows 10', os.arch: 'amd64', os.version: '10.0', java.version: '1.8.0_152'
Driver info: org.openqa.selenium.chrome.ChromeDriver
Capabilities {acceptInsecureCerts: false, browserName: chrome, browserVersion: 88.0.4324.150, chrome: {chromedriverVersion: 88.0.4324.96 (68dba2d8a0b14..., userDataDir: C:\Users\ARUN\AppData\Local...}, goog:chromeOptions: {debuggerAddress: localhost:59485}, javascriptEnabled: true, networkConnectionEnabled: false, pageLoadStrategy: normal, platform: WINDOWS, platformName: WINDOWS, proxy: Proxy(), setWindowRect: true, strictFileInteractability: false, timeouts: {implicit: 0, pageLoad: 300000, script: 30000}, unhandledPromptBehavior: dismiss and notify, webauthn:extension:largeBlob: true, webauthn:virtualAuthenticators: true}
Session ID: 01f69de36d4697d7f3cbbf87dcb8a803]]>
            </message>
            <full-stacktrace>
              <![CDATA[org.openqa.selenium.ElementClickInterceptedException: element click intercepted: Element <p class="MuiTypography-root jss299 MuiTypography-body1">...</p> is not clickable at point (1163, 30). Other element would receive the click: <div class="MuiBackdrop-root jss9" aria-hidden="true" style="opacity: 0; transition: opacity 195ms cubic-bezier(0.4, 0, 0.2, 1) 0ms;">...</div>
  (Session info: chrome=88.0.4324.150)
Build info: version: '3.141.59', revision: 'e82be7d358', time: '2018-11-14T08:17:03'
System info: host: 'DESKTOP-361V7H7', ip: '191.168.168.211', os.name: 'Windows 10', os.arch: 'amd64', os.version: '10.0', java.version: '1.8.0_152'
Driver info: org.openqa.selenium.chrome.ChromeDriver
Capabilities {acceptInsecureCerts: false, browserName: chrome, browserVersion: 88.0.4324.150, chrome: {chromedriverVersion: 88.0.4324.96 (68dba2d8a0b14..., userDataDir: C:\Users\ARUN\AppData\Local...}, goog:chromeOptions: {debuggerAddress: localhost:59485}, javascriptEnabled: true, networkConnectionEnabled: false, pageLoadStrategy: normal, platform: WINDOWS, platformName: WINDOWS, proxy: Proxy(), setWindowRect: true, strictFileInteractability: false, timeouts: {implicit: 0, pageLoad: 300000, script: 30000}, unhandledPromptBehavior: dismiss and notify, webauthn:extension:largeBlob: true, webauthn:virtualAuthenticators: true}
Session ID: 01f69de36d4697d7f3cbbf87dcb8a803
	at sun.reflect.NativeConstructorAccessorImpl.newInstance0(Native Method)
	at sun.reflect.NativeConstructorAccessorImpl.newInstance(NativeConstructorAccessorImpl.java:62)
	at sun.reflect.DelegatingConstructorAccessorImpl.newInstance(DelegatingConstructorAccessorImpl.java:45)
	at java.lang.reflect.Constructor.newInstance(Constructor.java:423)
	at org.openqa.selenium.remote.http.W3CHttpResponseCodec.createException(W3CHttpResponseCodec.java:187)
	at org.openqa.selenium.remote.http.W3CHttpResponseCodec.decode(W3CHttpResponseCodec.java:122)
	at org.openqa.selenium.remote.http.W3CHttpResponseCodec.decode(W3CHttpResponseCodec.java:49)
	at org.openqa.selenium.remote.HttpCommandExecutor.execute(HttpCommandExecutor.java:158)
	at org.openqa.selenium.remote.service.DriverCommandExecutor.execute(DriverCommandExecutor.java:83)
	at org.openqa.selenium.remote.RemoteWebDriver.execute(RemoteWebDriver.java:552)
	at org.openqa.selenium.remote.RemoteWebElement.execute(RemoteWebElement.java:285)
	at org.openqa.selenium.remote.RemoteWebElement.click(RemoteWebElement.java:84)
	at sun.reflect.NativeMethodAccessorImpl.invoke0(Native Method)
	at sun.reflect.NativeMethodAccessorImpl.invoke(NativeMethodAccessorImpl.java:62)
	at sun.reflect.DelegatingMethodAccessorImpl.invoke(DelegatingMethodAccessorImpl.java:43)
	at java.lang.reflect.Method.invoke(Method.java:498)
	at org.openqa.selenium.support.events.EventFiringWebDriver$EventFiringWebElement.lambda$new$0(EventFiringWebDriver.java:404)
	at com.sun.proxy.$Proxy14.click(Unknown Source)
	at org.openqa.selenium.support.events.EventFiringWebDriver$EventFiringWebElement.click(EventFiringWebDriver.java:417)
	at sun.reflect.NativeMethodAccessorImpl.invoke0(Native Method)
	at sun.reflect.NativeMethodAccessorImpl.invoke(NativeMethodAccessorImpl.java:62)
	at sun.reflect.DelegatingMethodAccessorImpl.invoke(DelegatingMethodAccessorImpl.java:43)
	at java.lang.reflect.Method.invoke(Method.java:498)
	at org.openqa.selenium.support.pagefactory.internal.LocatingElementHandler.invoke(LocatingElementHandler.java:51)
	at com.sun.proxy.$Proxy13.click(Unknown Source)
	at com.asynctric.qa.pages.HomePage.MoveToAddressPage(HomePage.java:46)
	at com.asynctric.qa.Testcase.HomePageTest.MoveToAddressPageTest(HomePageTest.java:51)
	at sun.reflect.NativeMethodAccessorImpl.invoke0(Native Method)
	at sun.reflect.NativeMethodAccessorImpl.invoke(NativeMethodAccessorImpl.java:62)
	at sun.reflect.DelegatingMethodAccessorImpl.invoke(DelegatingMethodAccessorImpl.java:43)
	at java.lang.reflect.Method.invoke(Method.java:498)
	at org.testng.internal.MethodInvocationHelper.invokeMethod(MethodInvocationHelper.java:108)
	at org.testng.internal.Invoker.invokeMethod(Invoker.java:661)
	at org.testng.internal.Invoker.invokeTestMethod(Invoker.java:869)
	at org.testng.internal.Invoker.invokeTestMethods(Invoker.java:1193)
	at org.testng.internal.TestMethodWorker.invokeTestMethods(TestMethodWorker.java:126)
	at org.testng.internal.TestMethodWorker.run(TestMethodWorker.java:109)
	at org.testng.TestRunner.privateRun(TestRunner.java:744)
	at org.testng.TestRunner.run(TestRunner.java:602)
	at org.testng.SuiteRunner.runTest(SuiteRunner.java:380)
	at org.testng.SuiteRunner.runSequentially(SuiteRunner.java:375)
	at org.testng.SuiteRunner.privateRun(SuiteRunner.java:340)
	at org.testng.SuiteRunner.run(SuiteRunner.java:289)
	at org.testng.SuiteRunnerWorker.runSuite(SuiteRunnerWorker.java:52)
	at org.testng.SuiteRunnerWorker.run(SuiteRunnerWorker.java:86)
	at org.testng.TestNG.runSuitesSequentially(TestNG.java:1301)
	at org.testng.TestNG.runSuitesLocally(TestNG.java:1226)
	at org.testng.TestNG.runSuites(TestNG.java:1144)
	at org.testng.TestNG.run(TestNG.java:1115)
	at org.testng.remote.AbstractRemoteTestNG.run(AbstractRemoteTestNG.java:132)
	at org.testng.remote.RemoteTestNG.initAndRun(RemoteTestNG.java:230)
	at org.testng.remote.RemoteTestNG.main(RemoteTestNG.java:76)
]]>
            </full-stacktrace>
          </exception> <!-- org.openqa.selenium.ElementClickInterceptedException -->
          <reporter-output>
          </reporter-output>
        </test-method> <!-- MoveToAddressPageTest -->
        <test-method status="PASS" signature="TearDown()[pri:0, instance:com.asynctric.qa.Testcase.HomePageTest@78047b92]" name="TearDown" is-config="true" duration-ms="1156" started-at="2021-02-11T15:52:00Z" finished-at="2021-02-11T15:52:02Z">
          <reporter-output>
          </reporter-output>
        </test-method> <!-- TearDown -->
      </class> <!-- com.asynctric.qa.Testcase.HomePageTest -->
      <class name="com.asynctric.qa.Testcase.LoginPageTest">
        <test-method status="PASS" signature="setup()[pri:0, instance:com.asynctric.qa.Testcase.LoginPageTest@8909f18]" name="setup" is-config="true" duration-ms="13999" started-at="2021-02-11T15:51:02Z" finished-at="2021-02-11T15:51:16Z">
          <reporter-output>
          </reporter-output>
        </test-method> <!-- setup -->
        <test-method status="PASS" signature="LoginTest()[pri:0, instance:com.asynctric.qa.Testcase.LoginPageTest@8909f18]" name="LoginTest" duration-ms="949" started-at="2021-02-11T15:51:16Z" finished-at="2021-02-11T15:51:16Z">
          <reporter-output>
          </reporter-output>
        </test-method> <!-- LoginTest -->
        <test-method status="PASS" signature="TearDowm()[pri:0, instance:com.asynctric.qa.Testcase.LoginPageTest@8909f18]" name="TearDowm" is-config="true" duration-ms="1112" started-at="2021-02-11T15:51:16Z" finished-at="2021-02-11T15:51:18Z">
          <reporter-output>
          </reporter-output>
        </test-method> <!-- TearDowm -->
        <test-method status="PASS" signature="setup()[pri:0, instance:com.asynctric.qa.Testcase.LoginPageTest@8909f18]" name="setup" is-config="true" duration-ms="11812" started-at="2021-02-11T15:51:35Z" finished-at="2021-02-11T15:51:46Z">
          <reporter-output>
          </reporter-output>
        </test-method> <!-- setup -->
        <test-method status="PASS" signature="LoginPageTitleTest()[pri:1, instance:com.asynctric.qa.Testcase.LoginPageTest@8909f18]" name="LoginPageTitleTest" duration-ms="13" started-at="2021-02-11T15:51:46Z" finished-at="2021-02-11T15:51:46Z">
          <reporter-output>
          </reporter-output>
        </test-method> <!-- LoginPageTitleTest -->
        <test-method status="PASS" signature="TearDowm()[pri:0, instance:com.asynctric.qa.Testcase.LoginPageTest@8909f18]" name="TearDowm" is-config="true" duration-ms="772" started-at="2021-02-11T15:51:46Z" finished-at="2021-02-11T15:51:47Z">
          <reporter-output>
          </reporter-output>
        </test-method> <!-- TearDowm -->
        <test-method status="PASS" signature="setup()[pri:0, instance:com.asynctric.qa.Testcase.LoginPageTest@8909f18]" name="setup" is-config="true" duration-ms="15032" started-at="2021-02-11T15:52:02Z" finished-at="2021-02-11T15:52:17Z">
          <reporter-output>
          </reporter-output>
        </test-method> <!-- setup -->
        <test-method status="PASS" signature="VlidateImageTest()[pri:2, instance:com.asynctric.qa.Testcase.LoginPageTest@8909f18]" name="VlidateImageTest" duration-ms="107" started-at="2021-02-11T15:52:17Z" finished-at="2021-02-11T15:52:17Z">
          <reporter-output>
          </reporter-output>
        </test-method> <!-- VlidateImageTest -->
        <test-method status="PASS" signature="TearDowm()[pri:0, instance:com.asynctric.qa.Testcase.LoginPageTest@8909f18]" name="TearDowm" is-config="true" duration-ms="1086" started-at="2021-02-11T15:52:17Z" finished-at="2021-02-11T15:52:18Z">
          <reporter-output>
          </reporter-output>
        </test-method> <!-- TearDowm -->
      </class> <!-- com.asynctric.qa.Testcase.LoginPageTest -->
    </test> <!-- Regration -->
    <test name="registration" duration-ms="136831" started-at="2021-02-11T10:22:19Z" finished-at="2021-02-11T10:24:35Z">
      <class name="com.asynctric.qa.Testcase.CategoriesMenTest">
        <test-method status="PASS" signature="setpage()[pri:0, instance:com.asynctric.qa.Testcase.CategoriesMenTest@4c15e7fd]" name="setpage" is-config="true" duration-ms="12814" started-at="2021-02-11T15:52:19Z" finished-at="2021-02-11T15:52:31Z">
          <reporter-output>
          </reporter-output>
        </test-method> <!-- setpage -->
        <test-method status="PASS" signature="AddProductFirstTest()[pri:0, instance:com.asynctric.qa.Testcase.CategoriesMenTest@4c15e7fd]" name="AddProductFirstTest" duration-ms="13052" started-at="2021-02-11T15:52:31Z" finished-at="2021-02-11T15:52:45Z">
          <reporter-output>
          </reporter-output>
        </test-method> <!-- AddProductFirstTest -->
        <test-method status="PASS" signature="TearDown()[pri:0, instance:com.asynctric.qa.Testcase.CategoriesMenTest@4c15e7fd]" name="TearDown" is-config="true" duration-ms="713" started-at="2021-02-11T15:52:45Z" finished-at="2021-02-11T15:52:45Z">
          <reporter-output>
          </reporter-output>
        </test-method> <!-- TearDown -->
        <test-method status="PASS" signature="setpage()[pri:0, instance:com.asynctric.qa.Testcase.CategoriesMenTest@4c15e7fd]" name="setpage" is-config="true" duration-ms="19027" started-at="2021-02-11T15:52:55Z" finished-at="2021-02-11T15:53:14Z">
          <reporter-output>
          </reporter-output>
        </test-method> <!-- setpage -->
        <test-method status="PASS" signature="AddProductSecondTest()[pri:2, instance:com.asynctric.qa.Testcase.CategoriesMenTest@4c15e7fd]" name="AddProductSecondTest" duration-ms="15615" started-at="2021-02-11T15:53:14Z" finished-at="2021-02-11T15:53:30Z">
          <reporter-output>
          </reporter-output>
        </test-method> <!-- AddProductSecondTest -->
        <test-method status="PASS" signature="TearDown()[pri:0, instance:com.asynctric.qa.Testcase.CategoriesMenTest@4c15e7fd]" name="TearDown" is-config="true" duration-ms="741" started-at="2021-02-11T15:53:30Z" finished-at="2021-02-11T15:53:31Z">
          <reporter-output>
          </reporter-output>
        </test-method> <!-- TearDown -->
      </class> <!-- com.asynctric.qa.Testcase.CategoriesMenTest -->
      <class name="com.asynctric.qa.Testcase.RegistrationPageTest">
        <test-method status="PASS" signature="Setup()[pri:0, instance:com.asynctric.qa.Testcase.RegistrationPageTest@23986957]" name="Setup" is-config="true" duration-ms="9130" started-at="2021-02-11T15:52:45Z" finished-at="2021-02-11T15:52:54Z">
          <reporter-output>
          </reporter-output>
        </test-method> <!-- Setup -->
        <test-method status="PASS" signature="ValidateRegPageURLTest()[pri:1, instance:com.asynctric.qa.Testcase.RegistrationPageTest@23986957]" name="ValidateRegPageURLTest" duration-ms="263" started-at="2021-02-11T15:52:54Z" finished-at="2021-02-11T15:52:55Z">
          <reporter-output>
          </reporter-output>
        </test-method> <!-- ValidateRegPageURLTest -->
        <test-method status="PASS" signature="Teardown()[pri:0, instance:com.asynctric.qa.Testcase.RegistrationPageTest@23986957]" name="Teardown" is-config="true" duration-ms="691" started-at="2021-02-11T15:52:55Z" finished-at="2021-02-11T15:52:55Z">
          <reporter-output>
          </reporter-output>
        </test-method> <!-- Teardown -->
        <test-method status="PASS" signature="Setup()[pri:0, instance:com.asynctric.qa.Testcase.RegistrationPageTest@23986957]" name="Setup" is-config="true" duration-ms="8971" started-at="2021-02-11T15:53:31Z" finished-at="2021-02-11T15:53:40Z">
          <reporter-output>
          </reporter-output>
        </test-method> <!-- Setup -->
        <test-method status="PASS" signature="ValidateRegPageTextTest()[pri:2, instance:com.asynctric.qa.Testcase.RegistrationPageTest@23986957]" name="ValidateRegPageTextTest" duration-ms="356" started-at="2021-02-11T15:53:40Z" finished-at="2021-02-11T15:53:40Z">
          <reporter-output>
          </reporter-output>
        </test-method> <!-- ValidateRegPageTextTest -->
        <test-method status="PASS" signature="Teardown()[pri:0, instance:com.asynctric.qa.Testcase.RegistrationPageTest@23986957]" name="Teardown" is-config="true" duration-ms="816" started-at="2021-02-11T15:53:40Z" finished-at="2021-02-11T15:53:41Z">
          <reporter-output>
          </reporter-output>
        </test-method> <!-- Teardown -->
        <test-method status="PASS" signature="Setup()[pri:0, instance:com.asynctric.qa.Testcase.RegistrationPageTest@23986957]" name="Setup" is-config="true" duration-ms="10607" started-at="2021-02-11T15:53:41Z" finished-at="2021-02-11T15:53:51Z">
          <reporter-output>
          </reporter-output>
        </test-method> <!-- Setup -->
        <test-method status="PASS" signature="RegFormExcelTest()[pri:3, instance:com.asynctric.qa.Testcase.RegistrationPageTest@23986957]" name="RegFormExcelTest" duration-ms="43336" started-at="2021-02-11T15:53:51Z" finished-at="2021-02-11T15:54:35Z">
          <reporter-output>
          </reporter-output>
        </test-method> <!-- RegFormExcelTest -->
        <test-method status="PASS" signature="Teardown()[pri:0, instance:com.asynctric.qa.Testcase.RegistrationPageTest@23986957]" name="Teardown" is-config="true" duration-ms="677" started-at="2021-02-11T15:54:35Z" finished-at="2021-02-11T15:54:35Z">
          <reporter-output>
          </reporter-output>
        </test-method> <!-- Teardown -->
      </class> <!-- com.asynctric.qa.Testcase.RegistrationPageTest -->
    </test> <!-- registration -->
  </suite> <!-- Ecart -->
</testng-results>
